[debug] [2017-12-04T01:07:58.612Z] ----------------------------------------------------------------------
[debug] [2017-12-04T01:07:58.615Z] Command:       /home/ubuntu/.nvm/versions/node/v6.11.2/bin/node /home/ubuntu/.nvm/versions/node/v6.11.2/bin/firebase login
[debug] [2017-12-04T01:07:58.615Z] CLI Version:   3.15.4
[debug] [2017-12-04T01:07:58.615Z] Platform:      linux
[debug] [2017-12-04T01:07:58.615Z] Node Version:  v6.11.2
[debug] [2017-12-04T01:07:58.615Z] Time:          Mon Dec 04 2017 01:07:58 GMT+0000 (UTC)
[debug] [2017-12-04T01:07:58.616Z] ----------------------------------------------------------------------
[debug] 
[info] 
[info] Visit this URL on any device to log in:
[info] https://accounts.google.com/o/oauth2/auth?client_id=563584335869-fgrhgmd47bqnekij5i8b5pr03ho849e6.apps.googleusercontent.com&scope=email%20openid%20https%3A%2F%2Fwww.googleapis.com%2Fauth%2Fcloudplatformprojects.readonly%20https%3A%2F%2Fwww.googleapis.com%2Fauth%2Ffirebase%20https%3A%2F%2Fwww.googleapis.com%2Fauth%2Fcloud-platform&response_type=code&state=14855475&redirect_uri=http%3A%2F%2Flocalhost%3A9005
[info] 
[info] Waiting for authentication...
[debug] [2017-12-04T22:01:08.581Z] ----------------------------------------------------------------------
[debug] [2017-12-04T22:01:08.585Z] Command:       /home/ubuntu/.nvm/versions/node/v6.11.2/bin/node /home/ubuntu/.nvm/versions/node/v6.11.2/bin/firebase login
[debug] [2017-12-04T22:01:08.585Z] CLI Version:   3.15.4
[debug] [2017-12-04T22:01:08.585Z] Platform:      linux
[debug] [2017-12-04T22:01:08.585Z] Node Version:  v6.11.2
[debug] [2017-12-04T22:01:08.586Z] Time:          Mon Dec 04 2017 22:01:08 GMT+0000 (UTC)
[debug] [2017-12-04T22:01:08.586Z] ----------------------------------------------------------------------
[debug] 
[info] 
[info] Visit this URL on any device to log in:
[info] https://accounts.google.com/o/oauth2/auth?client_id=563584335869-fgrhgmd47bqnekij5i8b5pr03ho849e6.apps.googleusercontent.com&scope=email%20openid%20https%3A%2F%2Fwww.googleapis.com%2Fauth%2Fcloudplatformprojects.readonly%20https%3A%2F%2Fwww.googleapis.com%2Fauth%2Ffirebase%20https%3A%2F%2Fwww.googleapis.com%2Fauth%2Fcloud-platform&response_type=code&state=245283160&redirect_uri=http%3A%2F%2Flocalhost%3A9005
[info] 
[info] Waiting for authentication...
[debug] [2017-12-04T22:04:49.592Z] ----------------------------------------------------------------------
[debug] [2017-12-04T22:04:49.596Z] Command:       /home/ubuntu/.nvm/versions/node/v6.11.2/bin/node /home/ubuntu/.nvm/versions/node/v6.11.2/bin/firebase login
[debug] [2017-12-04T22:04:49.596Z] CLI Version:   3.15.4
[debug] [2017-12-04T22:04:49.597Z] Platform:      linux
[debug] [2017-12-04T22:04:49.597Z] Node Version:  v6.11.2
[debug] [2017-12-04T22:04:49.597Z] Time:          Mon Dec 04 2017 22:04:49 GMT+0000 (UTC)
[debug] [2017-12-04T22:04:49.597Z] ----------------------------------------------------------------------
[debug] 
[info] 
[info] Visit this URL on any device to log in:
[info] https://accounts.google.com/o/oauth2/auth?client_id=563584335869-fgrhgmd47bqnekij5i8b5pr03ho849e6.apps.googleusercontent.com&scope=email%20openid%20https%3A%2F%2Fwww.googleapis.com%2Fauth%2Fcloudplatformprojects.readonly%20https%3A%2F%2Fwww.googleapis.com%2Fauth%2Ffirebase%20https%3A%2F%2Fwww.googleapis.com%2Fauth%2Fcloud-platform&response_type=code&state=665053581&redirect_uri=http%3A%2F%2Flocalhost%3A9006
[info] 
[info] Waiting for authentication...
